  FileReader.cpp
  MainForm.cpp
d:\repositories\rabin-carp-simmilarity-desctop-app-v1\rabincarpsimmilarity\rabincarpsimmilarity\mainform.h(2): warning C4067: unexpected tokens following preprocessor directive - expected a newline
d:\repositories\rabin-carp-simmilarity-desctop-app-v1\rabincarpsimmilarity\rabincarpsimmilarity\mainform.h(3): warning C4067: unexpected tokens following preprocessor directive - expected a newline
d:\repositories\rabin-carp-simmilarity-desctop-app-v1\rabincarpsimmilarity\rabincarpsimmilarity\mainform.h(4): warning C4067: unexpected tokens following preprocessor directive - expected a newline
d:\repositories\rabin-carp-simmilarity-desctop-app-v1\rabincarpsimmilarity\rabincarpsimmilarity\mainform.h(191): warning C4566: character represented by universal-character-name '\u0421' cannot be represented in the current code page (1252)
d:\repositories\rabin-carp-simmilarity-desctop-app-v1\rabincarpsimmilarity\rabincarpsimmilarity\mainform.h(191): warning C4566: character represented by universal-character-name '\u0442' cannot be represented in the current code page (1252)
d:\repositories\rabin-carp-simmilarity-desctop-app-v1\rabincarpsimmilarity\rabincarpsimmilarity\mainform.h(191): warning C4566: character represented by universal-character-name '\u0440' cannot be represented in the current code page (1252)
d:\repositories\rabin-carp-simmilarity-desctop-app-v1\rabincarpsimmilarity\rabincarpsimmilarity\mainform.h(191): warning C4566: character represented by universal-character-name '\u043E' cannot be represented in the current code page (1252)
d:\repositories\rabin-carp-simmilarity-desctop-app-v1\rabincarpsimmilarity\rabincarpsimmilarity\mainform.h(191): warning C4566: character represented by universal-character-name '\u043A' cannot be represented in the current code page (1252)
d:\repositories\rabin-carp-simmilarity-desctop-app-v1\rabincarpsimmilarity\rabincarpsimmilarity\mainform.h(191): warning C4566: character represented by universal-character-name '\u0430' cannot be represented in the current code page (1252)
d:\repositories\rabin-carp-simmilarity-desctop-app-v1\rabincarpsimmilarity\rabincarpsimmilarity\mainform.h(191): warning C4566: character represented by universal-character-name '\u0441' cannot be represented in the current code page (1252)
d:\repositories\rabin-carp-simmilarity-desctop-app-v1\rabincarpsimmilarity\rabincarpsimmilarity\mainform.h(191): warning C4566: character represented by universal-character-name '\u0432' cannot be represented in the current code page (1252)
d:\repositories\rabin-carp-simmilarity-desctop-app-v1\rabincarpsimmilarity\rabincarpsimmilarity\mainform.h(191): warning C4566: character represented by universal-character-name '\u043F' cannot be represented in the current code page (1252)
d:\repositories\rabin-carp-simmilarity-desctop-app-v1\rabincarpsimmilarity\rabincarpsimmilarity\mainform.h(191): warning C4566: character represented by universal-character-name '\u043B' cannot be represented in the current code page (1252)
d:\repositories\rabin-carp-simmilarity-desctop-app-v1\rabincarpsimmilarity\rabincarpsimmilarity\mainform.h(191): warning C4566: character represented by universal-character-name '\u0438' cannot be represented in the current code page (1252)
d:\repositories\rabin-carp-simmilarity-desctop-app-v1\rabincarpsimmilarity\rabincarpsimmilarity\mainform.h(191): warning C4566: character represented by universal-character-name '\u043D' cannot be represented in the current code page (1252)
d:\repositories\rabin-carp-simmilarity-desctop-app-v1\rabincarpsimmilarity\rabincarpsimmilarity\mainform.h(191): warning C4566: character represented by universal-character-name '\u0434' cannot be represented in the current code page (1252)
d:\repositories\rabin-carp-simmilarity-desctop-app-v1\rabincarpsimmilarity\rabincarpsimmilarity\mainform.h(191): warning C4566: character represented by universal-character-name '\u0435' cannot be represented in the current code page (1252)
d:\repositories\rabin-carp-simmilarity-desctop-app-v1\rabincarpsimmilarity\rabincarpsimmilarity\mainform.h(194): warning C4566: character represented by universal-character-name '\u0421' cannot be represented in the current code page (1252)
d:\repositories\rabin-carp-simmilarity-desctop-app-v1\rabincarpsimmilarity\rabincarpsimmilarity\mainform.h(194): warning C4566: character represented by universal-character-name '\u043E' cannot be represented in the current code page (1252)
d:\repositories\rabin-carp-simmilarity-desctop-app-v1\rabincarpsimmilarity\rabincarpsimmilarity\mainform.h(194): warning C4566: character represented by universal-character-name '\u0432' cannot be represented in the current code page (1252)
d:\repositories\rabin-carp-simmilarity-desctop-app-v1\rabincarpsimmilarity\rabincarpsimmilarity\mainform.h(194): warning C4566: character represented by universal-character-name '\u043F' cannot be represented in the current code page (1252)
d:\repositories\rabin-carp-simmilarity-desctop-app-v1\rabincarpsimmilarity\rabincarpsimmilarity\mainform.h(194): warning C4566: character represented by universal-character-name '\u0430' cannot be represented in the current code page (1252)
d:\repositories\rabin-carp-simmilarity-desctop-app-v1\rabincarpsimmilarity\rabincarpsimmilarity\mainform.h(194): warning C4566: character represented by universal-character-name '\u0434' cannot be represented in the current code page (1252)
d:\repositories\rabin-carp-simmilarity-desctop-app-v1\rabincarpsimmilarity\rabincarpsimmilarity\mainform.h(194): warning C4566: character represented by universal-character-name '\u0435' cannot be represented in the current code page (1252)
d:\repositories\rabin-carp-simmilarity-desctop-app-v1\rabincarpsimmilarity\rabincarpsimmilarity\mainform.h(194): warning C4566: character represented by universal-character-name '\u043D' cannot be represented in the current code page (1252)
d:\repositories\rabin-carp-simmilarity-desctop-app-v1\rabincarpsimmilarity\rabincarpsimmilarity\mainform.h(194): warning C4566: character represented by universal-character-name '\u0438' cannot be represented in the current code page (1252)
d:\repositories\rabin-carp-simmilarity-desctop-app-v1\rabincarpsimmilarity\rabincarpsimmilarity\mainform.h(194): warning C4566: character represented by universal-character-name '\u0439' cannot be represented in the current code page (1252)
d:\repositories\rabin-carp-simmilarity-desctop-app-v1\rabincarpsimmilarity\rabincarpsimmilarity\mainform.h(194): warning C4566: character represented by universal-character-name '\u0442' cannot be represented in the current code page (1252)
d:\repositories\rabin-carp-simmilarity-desctop-app-v1\rabincarpsimmilarity\rabincarpsimmilarity\mainform.h(168): warning C4101: 'copyArr': unreferenced local variable
  Generating Code...
  RabinCarpSimmilarity.vcxproj -> D:\Repositories\Rabin-carp-simmilarity-desctop-app-v1\RabinCarpSimmilarity\Debug\RabinCarpSimmilarity.exe
