d:\repositories\rabin-carp-simmilarity-desctop-app\rabincarpsimmilarity\rabincarpsimmilarity\debug\vc141.pdb
d:\repositories\rabin-carp-simmilarity-desctop-app\rabincarpsimmilarity\rabincarpsimmilarity\debug\rabincarp.obj
d:\repositories\rabin-carp-simmilarity-desctop-app\rabincarpsimmilarity\rabincarpsimmilarity\debug\filereader.obj
d:\repositories\rabin-carp-simmilarity-desctop-app\rabincarpsimmilarity\rabincarpsimmilarity\debug\mainform.obj
d:\repositories\rabin-carp-simmilarity-desctop-app\rabincarpsimmilarity\rabincarpsimmilarity\debug\.netframework,version=v4.6.1.assemblyattributes.obj
d:\repositories\rabin-carp-simmilarity-desctop-app\rabincarpsimmilarity\rabincarpsimmilarity\debug\.netframework,version=v4.6.1.assemblyattributes.asm
d:\repositories\rabin-carp-simmilarity-desctop-app\rabincarpsimmilarity\debug\rabincarpsimmilarity.exe
d:\repositories\rabin-carp-simmilarity-desctop-app\rabincarpsimmilarity\debug\rabincarpsimmilarity.pdb
d:\repositories\rabin-carp-simmilarity-desctop-app\rabincarpsimmilarity\rabincarpsimmilarity\debug\rabincarpsimmilarity.mainform.resources
d:\repositories\rabin-carp-simmilarity-desctop-app\rabincarpsimmilarity\rabincarpsimmilarity\debug\rabincarpsimmilarity.vcxproj.generateresource.cache
d:\repositories\rabin-carp-simmilarity-desctop-app\rabincarpsimmilarity\rabincarpsimmilarity\debug\rabincarpsimmilarity.vcxprojassemblyreference.cache
d:\repositories\rabin-carp-simmilarity-desctop-app\rabincarpsimmilarity\rabincarpsimmilarity\debug\rabincar.e4cdcfcc.tlog\cl.command.1.tlog
d:\repositories\rabin-carp-simmilarity-desctop-app\rabincarpsimmilarity\rabincarpsimmilarity\debug\rabincar.e4cdcfcc.tlog\cl.read.1.tlog
d:\repositories\rabin-carp-simmilarity-desctop-app\rabincarpsimmilarity\rabincarpsimmilarity\debug\rabincar.e4cdcfcc.tlog\cl.write.1.tlog
d:\repositories\rabin-carp-simmilarity-desctop-app\rabincarpsimmilarity\rabincarpsimmilarity\debug\rabincar.e4cdcfcc.tlog\link.command.1.tlog
d:\repositories\rabin-carp-simmilarity-desctop-app\rabincarpsimmilarity\rabincarpsimmilarity\debug\rabincar.e4cdcfcc.tlog\link.read.1.tlog
d:\repositories\rabin-carp-simmilarity-desctop-app\rabincarpsimmilarity\rabincarpsimmilarity\debug\rabincar.e4cdcfcc.tlog\link.write.1.tlog
d:\repositories\rabin-carp-simmilarity-desctop-app\rabincarpsimmilarity\rabincarpsimmilarity\debug\rabincar.e4cdcfcc.tlog\metagen.read.1.tlog
d:\repositories\rabin-carp-simmilarity-desctop-app\rabincarpsimmilarity\rabincarpsimmilarity\debug\rabincar.e4cdcfcc.tlog\metagen.write.1.tlog
d:\repositories\rabin-carp-simmilarity-desctop-app\rabincarpsimmilarity\rabincarpsimmilarity\debug\rabincar.e4cdcfcc.tlog\rabincarpsimmilarity.write.1u.tlog
d:\repositories\rabin-carp-simmilarity-desctop-app\rabincarpsimmilarity\rabincarpsimmilarity\debug\rabincar.e4cdcfcc.tlog\tzres.dll.bi
